<?xml version="1.0" encoding="UTF-8"?>
<!-- Generated by org.testng.reporters.JUnitXMLReporter -->
<testsuite ignored="0" hostname="DESKTOP-BT1UFBC" failures="0" tests="4" name="Test" time="0.103" errors="0" timestamp="2024-04-26T00:51:31 IST">
  <testcase classname="testng_concepts.demo1" name="test1" time="0.013"/>
  <testcase classname="testng_concepts.demo1" name="test2" time="0.001"/>
  <testcase classname="testng_concepts.demo2" name="test1" time="0.002"/>
  <testcase classname="testng_concepts.demo2" name="test2" time="0.002"/>
</testsuite> <!-- Test -->
