<?xml version="1.0" encoding="UTF-8"?>
<testng-results ignored="0" total="2" passed="2" failed="0" skipped="0">
  <reporter-output>
  </reporter-output>
  <suite started-at="2024-05-02T01:17:54 IST" name="Default suite" finished-at="2024-05-02T01:17:54 IST" duration-ms="55">
    <groups>
    </groups>
    <test started-at="2024-05-02T01:17:54 IST" name="Default test" finished-at="2024-05-02T01:17:54 IST" duration-ms="55">
      <class name="testng_concepts.demo1">
        <test-method signature="test1()[pri:0, instance:testng_concepts.demo1@57d7f8ca]" started-at="2024-05-02T01:17:54 IST" name="test1" finished-at="2024-05-02T01:17:54 IST" duration-ms="8" status="PASS">
          <reporter-output>
          </reporter-output>
        </test-method> <!-- test1 -->
        <test-method signature="test2()[pri:0, instance:testng_concepts.demo1@57d7f8ca]" started-at="2024-05-02T01:17:54 IST" name="test2" finished-at="2024-05-02T01:17:54 IST" duration-ms="1" status="PASS">
          <reporter-output>
          </reporter-output>
        </test-method> <!-- test2 -->
      </class> <!-- testng_concepts.demo1 -->
    </test> <!-- Default test -->
  </suite> <!-- Default suite -->
</testng-results>
