<?xml version="1.0" encoding="UTF-8"?>
<testng-results ignored="0" total="4" passed="4" failed="0" skipped="0">
  <reporter-output>
  </reporter-output>
  <suite started-at="2024-04-26T00:51:31 IST" name="Suite" finished-at="2024-04-26T00:51:31 IST" duration-ms="103">
    <groups>
    </groups>
    <test started-at="2024-04-26T00:51:31 IST" name="Test" finished-at="2024-04-26T00:51:31 IST" duration-ms="103">
      <class name="testng_concepts.demo2">
        <test-method signature="test1()[pri:0, instance:testng_concepts.demo2@20ccf40b]" started-at="2024-04-26T00:51:31 IST" name="test1" finished-at="2024-04-26T00:51:31 IST" duration-ms="2" status="PASS">
          <reporter-output>
          </reporter-output>
        </test-method> <!-- test1 -->
        <test-method signature="test2()[pri:0, instance:testng_concepts.demo2@20ccf40b]" started-at="2024-04-26T00:51:31 IST" name="test2" finished-at="2024-04-26T00:51:31 IST" duration-ms="2" status="PASS">
          <reporter-output>
          </reporter-output>
        </test-method> <!-- test2 -->
      </class> <!-- testng_concepts.demo2 -->
      <class name="testng_concepts.demo1">
        <test-method signature="test1()[pri:0, instance:testng_concepts.demo1@76c3e77a]" started-at="2024-04-26T00:51:31 IST" name="test1" finished-at="2024-04-26T00:51:31 IST" duration-ms="13" status="PASS">
          <reporter-output>
          </reporter-output>
        </test-method> <!-- test1 -->
        <test-method signature="test2()[pri:0, instance:testng_concepts.demo1@76c3e77a]" started-at="2024-04-26T00:51:31 IST" name="test2" finished-at="2024-04-26T00:51:31 IST" duration-ms="1" status="PASS">
          <reporter-output>
          </reporter-output>
        </test-method> <!-- test2 -->
      </class> <!-- testng_concepts.demo1 -->
    </test> <!-- Test -->
  </suite> <!-- Suite -->
</testng-results>
